This is pdfTeX, Version 3.141592653-2.6-1.40.22 (TeX Live 2022/dev/Debian) (preloaded format=pdflatex 2022.8.12)  16 SEP 2022 23:17
entering extended mode
 restricted \write18 enabled.
 %&-line parsing enabled.
**Appendix.tex
(./Appendix.tex
LaTeX2e <2021-11-15> patch level 1
L3 programming layer <2022-01-21> (/usr/share/texlive/texmf-dist/tex/latex/base
/article.cls
Document Class: article 2021/10/04 v1.4n Standard LaTeX document class
(/usr/share/texlive/texmf-dist/tex/latex/base/size12.clo
File: size12.clo 2021/10/04 v1.4n Standard LaTeX file (size option)
)
\c@part=\count185
\c@section=\count186
\c@subsection=\count187
\c@subsubsection=\count188
\c@paragraph=\count189
\c@subparagraph=\count190
\c@figure=\count191
\c@table=\count192
\abovecaptionskip=\skip47
\belowcaptionskip=\skip48
\bibindent=\dimen138
) (/usr/share/texlive/texmf-dist/tex/latex/amsmath/amsmath.sty
Package: amsmath 2021/10/15 v2.17l AMS math features
\@mathmargin=\skip49
For additional information on amsmath, use the `?' option.
(/usr/share/texlive/texmf-dist/tex/latex/amsmath/amstext.sty
Package: amstext 2021/08/26 v2.01 AMS text
(/usr/share/texlive/texmf-dist/tex/latex/amsmath/amsgen.sty
File: amsgen.sty 1999/11/30 v2.0 generic functions
\@emptytoks=\toks16
\ex@=\dimen139
)) (/usr/share/texlive/texmf-dist/tex/latex/amsmath/amsbsy.sty
Package: amsbsy 1999/11/29 v1.2d Bold Symbols
\pmbraise@=\dimen140
) (/usr/share/texlive/texmf-dist/tex/latex/amsmath/amsopn.sty
Package: amsopn 2021/08/26 v2.02 operator names
)
\inf@bad=\count193
LaTeX Info: Redefining \frac on input line 234.
\uproot@=\count194
\leftroot@=\count195
LaTeX Info: Redefining \overline on input line 399.
\classnum@=\count196
\DOTSCASE@=\count197
LaTeX Info: Redefining \ldots on input line 496.
LaTeX Info: Redefining \dots on input line 499.
LaTeX Info: Redefining \cdots on input line 620.
\Mathstrutbox@=\box50
\strutbox@=\box51
\big@size=\dimen141
LaTeX Font Info:    Redeclaring font encoding OML on input line 743.
LaTeX Font Info:    Redeclaring font encoding OMS on input line 744.
\macc@depth=\count198
\c@MaxMatrixCols=\count199
\dotsspace@=\muskip16
\c@parentequation=\count266
\dspbrk@lvl=\count267
\tag@help=\toks17
\row@=\count268
\column@=\count269
\maxfields@=\count270
\andhelp@=\toks18
\eqnshift@=\dimen142
\alignsep@=\dimen143
\tagshift@=\dimen144
\tagwidth@=\dimen145
\totwidth@=\dimen146
\lineht@=\dimen147
\@envbody=\toks19
\multlinegap=\skip50
\multlinetaggap=\skip51
\mathdisplay@stack=\toks20
LaTeX Info: Redefining \[ on input line 2938.
LaTeX Info: Redefining \] on input line 2939.
) (/usr/share/texlive/texmf-dist/tex/latex/amsfonts/amssymb.sty
Package: amssymb 2013/01/14 v3.01 AMS font symbols
(/usr/share/texlive/texmf-dist/tex/latex/amsfonts/amsfonts.sty
Package: amsfonts 2013/01/14 v3.01 Basic AMSFonts support
\symAMSa=\mathgroup4
\symAMSb=\mathgroup5
LaTeX Font Info:    Redeclaring math symbol \hbar on input line 98.
LaTeX Font Info:    Overwriting math alphabet `\mathfrak' in version `bold'
(Font)                  U/euf/m/n --> U/euf/b/n on input line 106.
)) (/usr/share/texmf/tex/latex/lm/lmodern.sty
Package: lmodern 2009/10/30 v1.6 Latin Modern Fonts
LaTeX Font Info:    Overwriting symbol font `operators' in version `normal'
(Font)                  OT1/cmr/m/n --> OT1/lmr/m/n on input line 22.
LaTeX Font Info:    Overwriting symbol font `letters' in version `normal'
(Font)                  OML/cmm/m/it --> OML/lmm/m/it on input line 23.
LaTeX Font Info:    Overwriting symbol font `symbols' in version `normal'
(Font)                  OMS/cmsy/m/n --> OMS/lmsy/m/n on input line 24.
LaTeX Font Info:    Overwriting symbol font `largesymbols' in version `normal'
(Font)                  OMX/cmex/m/n --> OMX/lmex/m/n on input line 25.
LaTeX Font Info:    Overwriting symbol font `operators' in version `bold'
(Font)                  OT1/cmr/bx/n --> OT1/lmr/bx/n on input line 26.
LaTeX Font Info:    Overwriting symbol font `letters' in version `bold'
(Font)                  OML/cmm/b/it --> OML/lmm/b/it on input line 27.
LaTeX Font Info:    Overwriting symbol font `symbols' in version `bold'
(Font)                  OMS/cmsy/b/n --> OMS/lmsy/b/n on input line 28.
LaTeX Font Info:    Overwriting symbol font `largesymbols' in version `bold'
(Font)                  OMX/cmex/m/n --> OMX/lmex/m/n on input line 29.
LaTeX Font Info:    Overwriting math alphabet `\mathbf' in version `normal'
(Font)                  OT1/cmr/bx/n --> OT1/lmr/bx/n on input line 31.
LaTeX Font Info:    Overwriting math alphabet `\mathsf' in version `normal'
(Font)                  OT1/cmss/m/n --> OT1/lmss/m/n on input line 32.
LaTeX Font Info:    Overwriting math alphabet `\mathit' in version `normal'
(Font)                  OT1/cmr/m/it --> OT1/lmr/m/it on input line 33.
LaTeX Font Info:    Overwriting math alphabet `\mathtt' in version `normal'
(Font)                  OT1/cmtt/m/n --> OT1/lmtt/m/n on input line 34.
LaTeX Font Info:    Overwriting math alphabet `\mathbf' in version `bold'
(Font)                  OT1/cmr/bx/n --> OT1/lmr/bx/n on input line 35.
LaTeX Font Info:    Overwriting math alphabet `\mathsf' in version `bold'
(Font)                  OT1/cmss/bx/n --> OT1/lmss/bx/n on input line 36.
LaTeX Font Info:    Overwriting math alphabet `\mathit' in version `bold'
(Font)                  OT1/cmr/bx/it --> OT1/lmr/bx/it on input line 37.
LaTeX Font Info:    Overwriting math alphabet `\mathtt' in version `bold'
(Font)                  OT1/cmtt/m/n --> OT1/lmtt/m/n on input line 38.
) (/usr/share/texlive/texmf-dist/tex/generic/iftex/iftex.sty
Package: iftex 2020/03/06 v1.0d TeX engine tests
) (/usr/share/texlive/texmf-dist/tex/latex/base/fontenc.sty
Package: fontenc 2021/04/29 v2.0v Standard LaTeX package
LaTeX Font Info:    Trying to load font information for T1+lmr on input line 11
2.
(/usr/share/texmf/tex/latex/lm/t1lmr.fd
File: t1lmr.fd 2009/10/30 v1.6 Font defs for Latin Modern
)) (/usr/share/texlive/texmf-dist/tex/latex/base/inputenc.sty
Package: inputenc 2021/02/14 v1.3d Input encoding file
\inpenc@prehook=\toks21
\inpenc@posthook=\toks22
) (/usr/share/texlive/texmf-dist/tex/latex/base/textcomp.sty
Package: textcomp 2020/02/02 v2.0n Standard LaTeX package
) (/usr/share/texlive/texmf-dist/tex/latex/upquote/upquote.sty
Package: upquote 2012/04/19 v1.3 upright-quote and grave-accent glyphs in verba
tim
) (/usr/share/texlive/texmf-dist/tex/latex/microtype/microtype.sty
Package: microtype 2021/12/10 v3.0b Micro-typographical refinements (RS)
(/usr/share/texlive/texmf-dist/tex/latex/graphics/keyval.sty
Package: keyval 2014/10/28 v1.15 key=value parser (DPC)
\KV@toks@=\toks23
) (/usr/share/texlive/texmf-dist/tex/latex/etoolbox/etoolbox.sty
Package: etoolbox 2020/10/05 v2.5k e-TeX tools for LaTeX (JAW)
\etb@tempcnta=\count271
)
\MT@toks=\toks24
\MT@count=\count272
\MT@tempbox=\box52
LaTeX Info: Redefining \leftprotrusion on input line 1010.
LaTeX Info: Redefining \rightprotrusion on input line 1018.
LaTeX Info: Redefining \textls on input line 1173.
\MT@outer@kern=\dimen148
LaTeX Info: Redefining \textmicrotypecontext on input line 1759.
\MT@listname@count=\count273
(/usr/share/texlive/texmf-dist/tex/latex/microtype/microtype-pdftex.def
File: microtype-pdftex.def 2021/12/10 v3.0b Definitions specific to pdftex (RS)

LaTeX Info: Redefining \lsstyle on input line 897.
LaTeX Info: Redefining \lslig on input line 897.
\MT@outer@space=\skip52
)
Package microtype Info: Loading configuration file microtype.cfg.
(/usr/share/texlive/texmf-dist/tex/latex/microtype/microtype.cfg
File: microtype.cfg 2021/12/10 v3.0b microtype main configuration file (RS)
)) (/usr/share/texlive/texmf-dist/tex/latex/parskip/parskip.sty
Package: parskip 2021-03-14 v2.0h non-zero parskip adjustments
(/usr/share/texlive/texmf-dist/tex/latex/kvoptions/kvoptions.sty
Package: kvoptions 2020-10-07 v3.14 Key value format for package options (HO)
(/usr/share/texlive/texmf-dist/tex/generic/ltxcmds/ltxcmds.sty
Package: ltxcmds 2020-05-10 v1.25 LaTeX kernel commands for general use (HO)
) (/usr/share/texlive/texmf-dist/tex/generic/kvsetkeys/kvsetkeys.sty
Package: kvsetkeys 2019/12/15 v1.18 Key value parser (HO)
))) (/usr/share/texlive/texmf-dist/tex/latex/xcolor/xcolor.sty
Package: xcolor 2021/10/31 v2.13 LaTeX color extensions (UK)
(/usr/share/texlive/texmf-dist/tex/latex/graphics-cfg/color.cfg
File: color.cfg 2016/01/02 v1.6 sample color configuration
)
Package xcolor Info: Driver file: pdftex.def on input line 227.
(/usr/share/texlive/texmf-dist/tex/latex/graphics-def/pdftex.def
File: pdftex.def 2020/10/05 v1.2a Graphics/color driver for pdftex
)
Package xcolor Info: Model `cmy' substituted by `cmy0' on input line 1352.
Package xcolor Info: Model `hsb' substituted by `rgb' on input line 1356.
Package xcolor Info: Model `RGB' extended on input line 1368.
Package xcolor Info: Model `HTML' substituted by `rgb' on input line 1370.
Package xcolor Info: Model `Hsb' substituted by `hsb' on input line 1371.
Package xcolor Info: Model `tHsb' substituted by `hsb' on input line 1372.
Package xcolor Info: Model `HSB' substituted by `hsb' on input line 1373.
Package xcolor Info: Model `Gray' substituted by `gray' on input line 1374.
Package xcolor Info: Model `wave' substituted by `hsb' on input line 1375.
(/usr/share/texlive/texmf-dist/tex/latex/graphics/dvipsnam.def
File: dvipsnam.def 2016/06/17 v3.0m Driver-dependent file (DPC,SPQR)
) (/usr/share/texlive/texmf-dist/tex/latex/xcolor/svgnam.def
File: svgnam.def 2021/10/31 v2.13 Predefined colors according to SVG 1.1 (UK)
) (/usr/share/texlive/texmf-dist/tex/latex/xcolor/x11nam.def
File: x11nam.def 2021/10/31 v2.13 Predefined colors according to Unix/X11 (UK)
)) (/usr/share/texlive/texmf-dist/tex/latex/geometry/geometry.sty
Package: geometry 2020/01/02 v5.9 Page Geometry
(/usr/share/texlive/texmf-dist/tex/generic/iftex/ifvtex.sty
Package: ifvtex 2019/10/25 v1.7 ifvtex legacy package. Use iftex instead.
)
\Gm@cnth=\count274
\Gm@cntv=\count275
\c@Gm@tempcnt=\count276
\Gm@bindingoffset=\dimen149
\Gm@wd@mp=\dimen150
\Gm@odd@mp=\dimen151
\Gm@even@mp=\dimen152
\Gm@layoutwidth=\dimen153
\Gm@layoutheight=\dimen154
\Gm@layouthoffset=\dimen155
\Gm@layoutvoffset=\dimen156
\Gm@dimlist=\toks25
) (/usr/share/texlive/texmf-dist/tex/latex/tools/longtable.sty
Package: longtable 2021-09-01 v4.17 Multi-page Table package (DPC)
\LTleft=\skip53
\LTright=\skip54
\LTpre=\skip55
\LTpost=\skip56
\LTchunksize=\count277
\LTcapwidth=\dimen157
\LT@head=\box53
\LT@firsthead=\box54
\LT@foot=\box55
\LT@lastfoot=\box56
\LT@gbox=\box57
\LT@cols=\count278
\LT@rows=\count279
\c@LT@tables=\count280
\c@LT@chunks=\count281
\LT@p@ftn=\toks26
) (/usr/share/texlive/texmf-dist/tex/latex/booktabs/booktabs.sty
Package: booktabs 2020/01/12 v1.61803398 Publication quality tables
\heavyrulewidth=\dimen158
\lightrulewidth=\dimen159
\cmidrulewidth=\dimen160
\belowrulesep=\dimen161
\belowbottomsep=\dimen162
\aboverulesep=\dimen163
\abovetopsep=\dimen164
\cmidrulesep=\dimen165
\cmidrulekern=\dimen166
\defaultaddspace=\dimen167
\@cmidla=\count282
\@cmidlb=\count283
\@aboverulesep=\dimen168
\@belowrulesep=\dimen169
\@thisruleclass=\count284
\@lastruleclass=\count285
\@thisrulewidth=\dimen170
) (/usr/share/texlive/texmf-dist/tex/latex/tools/array.sty
Package: array 2021/10/04 v2.5f Tabular extension package (FMi)
\col@sep=\dimen171
\ar@mcellbox=\box58
\extrarowheight=\dimen172
\NC@list=\toks27
\extratabsurround=\skip57
\backup@length=\skip58
\ar@cellbox=\box59
) (/usr/share/texlive/texmf-dist/tex/latex/tools/calc.sty
Package: calc 2017/05/25 v4.3 Infix arithmetic (KKT,FJ)
\calc@Acount=\count286
\calc@Bcount=\count287
\calc@Adimen=\dimen173
\calc@Bdimen=\dimen174
\calc@Askip=\skip59
\calc@Bskip=\skip60
LaTeX Info: Redefining \setlength on input line 80.
LaTeX Info: Redefining \addtolength on input line 81.
\calc@Ccount=\count288
\calc@Cskip=\skip61
) (/usr/share/texlive/texmf-dist/tex/latex/footnotehyper/footnotehyper.sty
Package: footnotehyper 2021/08/13 v1.1e hyperref aware footnote.sty (JFB)
\FNH@notes=\box60
\FNH@width=\dimen175
\FNH@toks=\toks28
) (/usr/share/texlive/texmf-dist/tex/latex/graphics/graphicx.sty
Package: graphicx 2021/09/16 v1.2d Enhanced LaTeX Graphics (DPC,SPQR)
(/usr/share/texlive/texmf-dist/tex/latex/graphics/graphics.sty
Package: graphics 2021/03/04 v1.4d Standard LaTeX Graphics (DPC,SPQR)
(/usr/share/texlive/texmf-dist/tex/latex/graphics/trig.sty
Package: trig 2021/08/11 v1.11 sin cos tan (DPC)
) (/usr/share/texlive/texmf-dist/tex/latex/graphics-cfg/graphics.cfg
File: graphics.cfg 2016/06/04 v1.11 sample graphics configuration
)
Package graphics Info: Driver file: pdftex.def on input line 107.
)
\Gin@req@height=\dimen176
\Gin@req@width=\dimen177
) (/usr/share/texlive/texmf-dist/tex/latex/multirow/multirow.sty
Package: multirow 2021/03/15 v2.8 Span multiple rows of a table
\multirow@colwidth=\skip62
\multirow@cntb=\count289
\multirow@dima=\skip63
\bigstrutjot=\dimen178
) (/usr/share/texlive/texmf-dist/tex/latex/tools/bm.sty
Package: bm 2021/04/25 v1.2e Bold Symbol Support (DPC/FMi)
\symboldoperators=\mathgroup6
\symboldletters=\mathgroup7
\symboldsymbols=\mathgroup8
Package bm Info: No bold for \OMX/lmex/m/n, using \pmb.
Package bm Info: No bold for \U/msa/m/n, using \pmb.
Package bm Info: No bold for \U/msb/m/n, using \pmb.
LaTeX Font Info:    Redeclaring math alphabet \mathbf on input line 149.
) (/usr/share/texlive/texmf-dist/tex/latex/graphics/lscape.sty
Package: lscape 2020/05/28 v3.02 Landscape Pages (DPC)
) (/usr/share/texlive/texmf-dist/tex/latex/changepage/changepage.sty
Package: changepage 2009/10/20 v1.0c check page and change page layout
\c@cp@cntr=\count290
\cp@tempcnt=\count291
) (/usr/share/texlive/texmf-dist/tex/latex/enumitem/enumitem.sty
Package: enumitem 2019/06/20 v3.9 Customized lists
\labelindent=\skip64
\enit@outerparindent=\dimen179
\enit@toks=\toks29
\enit@inbox=\box61
\enit@count@id=\count292
\enitdp@description=\count293
) (/usr/share/texlive/texmf-dist/tex/latex/wrapfig/wrapfig.sty
\wrapoverhang=\dimen180
\WF@size=\dimen181
\c@WF@wrappedlines=\count294
\WF@box=\box62
\WF@everypar=\toks30
Package: wrapfig 2003/01/31  v 3.6
) (/usr/share/texlive/texmf-dist/tex/latex/float/float.sty
Package: float 2001/11/08 v1.3d Float enhancements (AL)
\c@float@type=\count295
\float@exts=\toks31
\float@box=\box63
\@float@everytoks=\toks32
\@floatcapt=\box64
) (/usr/share/texlive/texmf-dist/tex/latex/colortbl/colortbl.sty
Package: colortbl 2020/01/04 v1.0e Color table columns (DPC)
\everycr=\toks33
\minrowclearance=\skip65
) (/usr/share/texlive/texmf-dist/tex/latex/pdflscape/pdflscape.sty
Package: pdflscape 2019/12/05 v0.12 Display of landscape pages in PDF (HO)
Package pdflscape Info: Auto-detected driver: pdftex on input line 81.
) (/usr/share/texlive/texmf-dist/tex/latex/tabu/tabu.sty
Package: tabu 2019/01/11 v2.9 - flexible LaTeX tabulars (FC+tabu-fixed) + inter
mediate FMi
(/usr/share/texlive/texmf-dist/tex/latex/varwidth/varwidth.sty
Package: varwidth 2009/03/30 ver 0.92;  Variable-width minipages
\@vwid@box=\box65
\sift@deathcycles=\count296
\@vwid@loff=\dimen182
\@vwid@roff=\dimen183
)
\c@taburow=\count297
\tabu@nbcols=\count298
\tabu@cnt=\count299
\tabu@Xcol=\count300
\tabu@alloc=\count301
\tabu@nested=\count302
\tabu@target=\dimen184
\tabu@spreadtarget=\dimen185
\tabu@naturalX=\dimen186
\tabucolX=\dimen187
\tabu@Xsum=\dimen188
\extrarowdepth=\dimen189
\abovetabulinesep=\dimen190
\belowtabulinesep=\dimen191
\tabustrutrule=\dimen192
\tabu@thebody=\toks34
\tabu@footnotes=\toks35
\tabu@box=\box66
\tabu@arstrutbox=\box67
\tabu@hleads=\box68
\tabu@vleads=\box69
\tabu@cellskip=\skip66
) (/usr/share/texlive/texmf-dist/tex/latex/threeparttable/threeparttable.sty
Package: threeparttable 2003/06/13  v 3.0
\@tempboxb=\box70
) (/usr/share/texlive/texmf-dist/tex/latex/threeparttablex/threeparttablex.sty
Package: threeparttablex 2013/07/23 v0.3 by daleif
(/usr/share/texlive/texmf-dist/tex/latex/environ/environ.sty
Package: environ 2014/05/04 v0.3 A new way to define environments
(/usr/share/texlive/texmf-dist/tex/latex/trimspaces/trimspaces.sty
Package: trimspaces 2009/09/17 v1.1 Trim spaces around a token list
))
\TPTL@width=\skip67
) (/usr/share/texlive/texmf-dist/tex/generic/ulem/ulem.sty
\UL@box=\box71
\UL@hyphenbox=\box72
\UL@skip=\skip68
\UL@hook=\toks36
\UL@height=\dimen193
\UL@pe=\count303
\UL@pixel=\dimen194
\ULC@box=\box73
Package: ulem 2019/11/18
\ULdepth=\dimen195
) (/usr/share/texlive/texmf-dist/tex/latex/makecell/makecell.sty
Package: makecell 2009/08/03 V0.1e Managing of Tab Column Heads and Cells
\rotheadsize=\dimen196
\c@nlinenum=\count304
\TeXr@lab=\toks37
) (/usr/share/texlive/texmf-dist/tex/latex/natbib/natbib.sty
Package: natbib 2010/09/13 8.31b (PWD, AO)
\bibhang=\skip69
\bibsep=\skip70
LaTeX Info: Redefining \cite on input line 694.
\c@NAT@ctr=\count305
) (/usr/share/texlive/texmf-dist/tex/latex/bookmark/bookmark.sty
Package: bookmark 2020-11-06 v1.29 PDF bookmarks (HO)
(/usr/share/texlive/texmf-dist/tex/latex/hyperref/hyperref.sty
Package: hyperref 2021-06-07 v7.00m Hypertext links for LaTeX
(/usr/share/texlive/texmf-dist/tex/generic/pdftexcmds/pdftexcmds.sty
Package: pdftexcmds 2020-06-27 v0.33 Utility functions of pdfTeX for LuaTeX (HO
)
(/usr/share/texlive/texmf-dist/tex/generic/infwarerr/infwarerr.sty
Package: infwarerr 2019/12/03 v1.5 Providing info/warning/error messages (HO)
)
Package pdftexcmds Info: \pdf@primitive is available.
Package pdftexcmds Info: \pdf@ifprimitive is available.
Package pdftexcmds Info: \pdfdraftmode found.
) (/usr/share/texlive/texmf-dist/tex/generic/kvdefinekeys/kvdefinekeys.sty
Package: kvdefinekeys 2019-12-19 v1.6 Define keys (HO)
) (/usr/share/texlive/texmf-dist/tex/generic/pdfescape/pdfescape.sty
Package: pdfescape 2019/12/09 v1.15 Implements pdfTeX's escape features (HO)
) (/usr/share/texlive/texmf-dist/tex/latex/hycolor/hycolor.sty
Package: hycolor 2020-01-27 v1.10 Color options for hyperref/bookmark (HO)
) (/usr/share/texlive/texmf-dist/tex/latex/letltxmacro/letltxmacro.sty
Package: letltxmacro 2019/12/03 v1.6 Let assignment for LaTeX macros (HO)
) (/usr/share/texlive/texmf-dist/tex/latex/auxhook/auxhook.sty
Package: auxhook 2019-12-17 v1.6 Hooks for auxiliary files (HO)
)
\@linkdim=\dimen197
\Hy@linkcounter=\count306
\Hy@pagecounter=\count307
(/usr/share/texlive/texmf-dist/tex/latex/hyperref/pd1enc.def
File: pd1enc.def 2021-06-07 v7.00m Hyperref: PDFDocEncoding definition (HO)
Now handling font encoding PD1 ...
... no UTF-8 mapping file for font encoding PD1
) (/usr/share/texlive/texmf-dist/tex/latex/hyperref/hyperref-langpatches.def
File: hyperref-langpatches.def 2021-06-07 v7.00m Hyperref: patches for babel la
nguages
) (/usr/share/texlive/texmf-dist/tex/generic/intcalc/intcalc.sty
Package: intcalc 2019/12/15 v1.3 Expandable calculations with integers (HO)
) (/usr/share/texlive/texmf-dist/tex/generic/etexcmds/etexcmds.sty
Package: etexcmds 2019/12/15 v1.7 Avoid name clashes with e-TeX commands (HO)
)
\Hy@SavedSpaceFactor=\count308
(/usr/share/texlive/texmf-dist/tex/latex/hyperref/puenc.def
File: puenc.def 2021-06-07 v7.00m Hyperref: PDF Unicode definition (HO)
Now handling font encoding PU ...
... no UTF-8 mapping file for font encoding PU
)
Package hyperref Info: Option `unicode' set `true' on input line 4073.
Package hyperref Info: Hyper figures OFF on input line 4192.
Package hyperref Info: Link nesting OFF on input line 4197.
Package hyperref Info: Hyper index ON on input line 4200.
Package hyperref Info: Plain pages OFF on input line 4207.
Package hyperref Info: Backreferencing OFF on input line 4212.
Package hyperref Info: Implicit mode ON; LaTeX internals redefined.
Package hyperref Info: Bookmarks ON on input line 4445.
\c@Hy@tempcnt=\count309
(/usr/share/texlive/texmf-dist/tex/latex/url/url.sty
\Urlmuskip=\muskip17
Package: url 2013/09/16  ver 3.4  Verb mode for urls, etc.
)
LaTeX Info: Redefining \url on input line 4804.
\XeTeXLinkMargin=\dimen198
(/usr/share/texlive/texmf-dist/tex/generic/bitset/bitset.sty
Package: bitset 2019/12/09 v1.3 Handle bit-vector datatype (HO)
(/usr/share/texlive/texmf-dist/tex/generic/bigintcalc/bigintcalc.sty
Package: bigintcalc 2019/12/15 v1.5 Expandable calculations on big integers (HO
)
))
\Fld@menulength=\count310
\Field@Width=\dimen199
\Fld@charsize=\dimen256
Package hyperref Info: Hyper figures OFF on input line 6076.
Package hyperref Info: Link nesting OFF on input line 6081.
Package hyperref Info: Hyper index ON on input line 6084.
Package hyperref Info: backreferencing OFF on input line 6091.
Package hyperref Info: Link coloring OFF on input line 6096.
Package hyperref Info: Link coloring with OCG OFF on input line 6101.
Package hyperref Info: PDF/A mode OFF on input line 6106.
LaTeX Info: Redefining \ref on input line 6146.
LaTeX Info: Redefining \pageref on input line 6150.
(/usr/share/texlive/texmf-dist/tex/latex/base/atbegshi-ltx.sty
Package: atbegshi-ltx 2021/01/10 v1.0c Emulation of the original atbegshi
package with kernel methods
)
\Hy@abspage=\count311
\c@Item=\count312
\c@Hfootnote=\count313
)
Package hyperref Info: Driver (autodetected): hpdftex.
(/usr/share/texlive/texmf-dist/tex/latex/hyperref/hpdftex.def
File: hpdftex.def 2021-06-07 v7.00m Hyperref driver for pdfTeX
(/usr/share/texlive/texmf-dist/tex/latex/base/atveryend-ltx.sty
Package: atveryend-ltx 2020/08/19 v1.0a Emulation of the original atveryend pac
kage
with kernel methods
)
\Fld@listcount=\count314
\c@bookmark@seq@number=\count315
(/usr/share/texlive/texmf-dist/tex/latex/rerunfilecheck/rerunfilecheck.sty
Package: rerunfilecheck 2019/12/05 v1.9 Rerun checks for auxiliary files (HO)
(/usr/share/texlive/texmf-dist/tex/generic/uniquecounter/uniquecounter.sty
Package: uniquecounter 2019/12/15 v1.4 Provide unlimited unique counter (HO)
)
Package uniquecounter Info: New unique counter `rerunfilecheck' on input line 2
86.
)
\Hy@SectionHShift=\skip71
) (/usr/share/texlive/texmf-dist/tex/latex/bookmark/bkm-pdftex.def
File: bkm-pdftex.def 2020-11-06 v1.29 bookmark driver for pdfTeX (HO)
\BKM@id=\count316
)) (/usr/share/texlive/texmf-dist/tex/latex/xurl/xurl.sty
Package: xurl 2022/01/09 v 0.10 modify URL breaks
)
Package hyperref Info: Option `colorlinks' set `true' on input line 104.
(/usr/share/texlive/texmf-dist/tex/latex/l3backend/l3backend-pdftex.def
File: l3backend-pdftex.def 2022-01-12 L3 backend support: PDF output (pdfTeX)
\l__color_backend_stack_int=\count317
\l__pdf_internal_box=\box74
) (./Appendix.aux

LaTeX Warning: Label `' multiply defined.


LaTeX Warning: Label `' multiply defined.


LaTeX Warning: Label `' multiply defined.


LaTeX Warning: Label `' multiply defined.


LaTeX Warning: Label `' multiply defined.


LaTeX Warning: Label `' multiply defined.


LaTeX Warning: Label `' multiply defined.


LaTeX Warning: Label `' multiply defined.


LaTeX Warning: Label `' multiply defined.


LaTeX Warning: Label `' multiply defined.


LaTeX Warning: Label `' multiply defined.


LaTeX Warning: Label `' multiply defined.


LaTeX Warning: Label `' multiply defined.


LaTeX Warning: Label `' multiply defined.


LaTeX Warning: Label `' multiply defined.


LaTeX Warning: Label `' multiply defined.


LaTeX Warning: Label `' multiply defined.


LaTeX Warning: Label `' multiply defined.


LaTeX Warning: Label `' multiply defined.


LaTeX Warning: Label `' multiply defined.


LaTeX Warning: Label `' multiply defined.


LaTeX Warning: Label `' multiply defined.


LaTeX Warning: Label `' multiply defined.


LaTeX Warning: Label `' multiply defined.


LaTeX Warning: Label `' multiply defined.


LaTeX Warning: Label `' multiply defined.


LaTeX Warning: Label `' multiply defined.


LaTeX Warning: Label `' multiply defined.


LaTeX Warning: Label `' multiply defined.

)
\openout1 = `Appendix.aux'.

LaTeX Font Info:    Checking defaults for OML/cmm/m/it on input line 117.
LaTeX Font Info:    ... okay on input line 117.
LaTeX Font Info:    Checking defaults for OMS/cmsy/m/n on input line 117.
LaTeX Font Info:    ... okay on input line 117.
LaTeX Font Info:    Checking defaults for OT1/cmr/m/n on input line 117.
LaTeX Font Info:    ... okay on input line 117.
LaTeX Font Info:    Checking defaults for T1/cmr/m/n on input line 117.
LaTeX Font Info:    ... okay on input line 117.
LaTeX Font Info:    Checking defaults for TS1/cmr/m/n on input line 117.
LaTeX Font Info:    ... okay on input line 117.
LaTeX Font Info:    Checking defaults for OMX/cmex/m/n on input line 117.
LaTeX Font Info:    ... okay on input line 117.
LaTeX Font Info:    Checking defaults for U/cmr/m/n on input line 117.
LaTeX Font Info:    ... okay on input line 117.
LaTeX Font Info:    Checking defaults for PD1/pdf/m/n on input line 117.
LaTeX Font Info:    ... okay on input line 117.
LaTeX Font Info:    Checking defaults for PU/pdf/m/n on input line 117.
LaTeX Font Info:    ... okay on input line 117.
LaTeX Info: Redefining \microtypecontext on input line 117.
Package microtype Info: Applying patch `item' on input line 117.
Package microtype Info: Applying patch `toc' on input line 117.
Package microtype Info: Applying patch `eqnum' on input line 117.
Package microtype Info: Applying patch `footnote' on input line 117.
Package microtype Info: Generating PDF output.
Package microtype Info: Character protrusion enabled (level 2).
Package microtype Info: Using protrusion set `basicmath'.
Package microtype Info: Automatic font expansion enabled (level 2),
(microtype)             stretch: 20, shrink: 20, step: 1, non-selected.
Package microtype Info: Using default expansion set `alltext-nott'.
LaTeX Info: Redefining \showhyphens on input line 117.
Package microtype Info: No adjustment of tracking.
Package microtype Info: No adjustment of interword spacing.
Package microtype Info: No adjustment of character kerning.
(/usr/share/texlive/texmf-dist/tex/latex/microtype/mt-cmr.cfg
File: mt-cmr.cfg 2013/05/19 v2.2 microtype config. file: Computer Modern Roman 
(RS)
) (/usr/share/texlive/texmf-dist/tex/context/base/mkii/supp-pdf.mkii
[Loading MPS to PDF converter (version 2006.09.02).]
\scratchcounter=\count318
\scratchdimen=\dimen257
\scratchbox=\box75
\nofMPsegments=\count319
\nofMParguments=\count320
\everyMPshowfont=\toks38
\MPscratchCnt=\count321
\MPscratchDim=\dimen258
\MPnumerator=\count322
\makeMPintoPDFobject=\count323
\everyMPtoPDFconversion=\toks39
) (/usr/share/texlive/texmf-dist/tex/latex/epstopdf-pkg/epstopdf-base.sty
Package: epstopdf-base 2020-01-24 v2.11 Base part for package epstopdf
Package epstopdf-base Info: Redefining graphics rule for `.eps' on input line 4
85.
(/usr/share/texlive/texmf-dist/tex/latex/latexconfig/epstopdf-sys.cfg
File: epstopdf-sys.cfg 2010/07/13 v1.3 Configuration of (r)epstopdf for TeX Liv
e
))
*geometry* driver: auto-detecting
*geometry* detected driver: pdftex
*geometry* verbose mode - [ preamble ] result:
* driver: pdftex
* paper: <default>
* layout: <same size as paper>
* layoutoffset:(h,v)=(0.0pt,0.0pt)
* modes: 
* h-part:(L,W,R)=(72.26999pt, 469.75502pt, 72.26999pt)
* v-part:(T,H,B)=(72.26999pt, 650.43001pt, 72.26999pt)
* \paperwidth=614.295pt
* \paperheight=794.96999pt
* \textwidth=469.75502pt
* \textheight=650.43001pt
* \oddsidemargin=0.0pt
* \evensidemargin=0.0pt
* \topmargin=-37.0pt
* \headheight=12.0pt
* \headsep=25.0pt
* \topskip=12.0pt
* \footskip=30.0pt
* \marginparwidth=44.0pt
* \marginparsep=10.0pt
* \columnsep=10.0pt
* \skip\footins=10.8pt plus 4.0pt minus 2.0pt
* \hoffset=0.0pt
* \voffset=0.0pt
* \mag=1000
* \@twocolumnfalse
* \@twosidefalse
* \@mparswitchfalse
* \@reversemarginfalse
* (1in=72.27pt=25.4mm, 1cm=28.453pt)

Package hyperref Info: Link coloring ON on input line 117.
(/usr/share/texlive/texmf-dist/tex/latex/hyperref/nameref.sty
Package: nameref 2021-04-02 v2.47 Cross-referencing by name of section
(/usr/share/texlive/texmf-dist/tex/latex/refcount/refcount.sty
Package: refcount 2019/12/15 v3.6 Data extraction from label references (HO)
) (/usr/share/texlive/texmf-dist/tex/generic/gettitlestring/gettitlestring.sty
Package: gettitlestring 2019/12/15 v1.6 Cleanup title references (HO)
)
\c@section@level=\count324
)
LaTeX Info: Redefining \ref on input line 117.
LaTeX Info: Redefining \pageref on input line 117.
LaTeX Info: Redefining \nameref on input line 117.
LaTeX Font Info:    Trying to load font information for OT1+lmr on input line 1
19.
(/usr/share/texmf/tex/latex/lm/ot1lmr.fd
File: ot1lmr.fd 2009/10/30 v1.6 Font defs for Latin Modern
)
LaTeX Font Info:    Trying to load font information for OML+lmm on input line 1
19.
(/usr/share/texmf/tex/latex/lm/omllmm.fd
File: omllmm.fd 2009/10/30 v1.6 Font defs for Latin Modern
)
LaTeX Font Info:    Trying to load font information for OMS+lmsy on input line 
119.
(/usr/share/texmf/tex/latex/lm/omslmsy.fd
File: omslmsy.fd 2009/10/30 v1.6 Font defs for Latin Modern
)
LaTeX Font Info:    Trying to load font information for OMX+lmex on input line 
119.
(/usr/share/texmf/tex/latex/lm/omxlmex.fd
File: omxlmex.fd 2009/10/30 v1.6 Font defs for Latin Modern
)
LaTeX Font Info:    External font `lmex10' loaded for size
(Font)              <14.4> on input line 119.
LaTeX Font Info:    External font `lmex10' loaded for size
(Font)              <10> on input line 119.
LaTeX Font Info:    External font `lmex10' loaded for size
(Font)              <7> on input line 119.
LaTeX Font Info:    Trying to load font information for U+msa on input line 119
.
(/usr/share/texlive/texmf-dist/tex/latex/amsfonts/umsa.fd
File: umsa.fd 2013/01/14 v3.01 AMS symbols A
) (/usr/share/texlive/texmf-dist/tex/latex/microtype/mt-msa.cfg
File: mt-msa.cfg 2006/02/04 v1.1 microtype config. file: AMS symbols (a) (RS)
)
LaTeX Font Info:    Trying to load font information for U+msb on input line 119
.
(/usr/share/texlive/texmf-dist/tex/latex/amsfonts/umsb.fd
File: umsb.fd 2013/01/14 v3.01 AMS symbols B
) (/usr/share/texlive/texmf-dist/tex/latex/microtype/mt-msb.cfg
File: mt-msb.cfg 2005/06/01 v1.0 microtype config. file: AMS symbols (b) (RS)
) (./Appendix.toc
LaTeX Font Info:    External font `lmex10' loaded for size
(Font)              <12> on input line 2.
LaTeX Font Info:    External font `lmex10' loaded for size
(Font)              <8> on input line 2.
LaTeX Font Info:    External font `lmex10' loaded for size
(Font)              <6> on input line 2.
[1

{/var/lib/texmf/fonts/map/pdftex/updmap/pdftex.map}])
\tf@toc=\write3
\openout3 = `Appendix.toc'.

[2]
LaTeX Font Info:    External font `lmex10' loaded for size
(Font)              <5> on input line 133.
[3

]
<Appendix_files/figure-latex/Figure-A1-1.pdf, id=98, 459.7175pt x 304.13625pt>
File: Appendix_files/figure-latex/Figure-A1-1.pdf Graphic file (type pdf)
<use Appendix_files/figure-latex/Figure-A1-1.pdf>
Package pdftex.def Info: Appendix_files/figure-latex/Figure-A1-1.pdf  used on i
nput line 145.
(pdftex.def)             Requested size: 469.78247pt x 310.79495pt.
<Appendix_files/figure-latex/Figure-A2-1.pdf, id=99, 459.7175pt x 306.14375pt>
File: Appendix_files/figure-latex/Figure-A2-1.pdf Graphic file (type pdf)
<use Appendix_files/figure-latex/Figure-A2-1.pdf>
Package pdftex.def Info: Appendix_files/figure-latex/Figure-A2-1.pdf  used on i
nput line 154.
(pdftex.def)             Requested size: 469.78247pt x 312.8464pt.

LaTeX Warning: `h' float specifier changed to `ht'.

[4

 <./Appendix_files/figure-latex/Figure-A1-1.pdf>] [5 <./Appendix_files/figure-l
atex/Figure-A2-1.pdf>] [6

]
LaTeX Font Info:    Trying to load font information for TS1+lmr on input line 2
10.
(/usr/share/texmf/tex/latex/lm/ts1lmr.fd
File: ts1lmr.fd 2009/10/30 v1.6 Font defs for Latin Modern
)

LaTeX Warning: `!h' float specifier changed to `!ht'.

[7


] [8]
LaTeX Font Info:    Trying to load font information for T1+lmtt on input line 3
01.
(/usr/share/texmf/tex/latex/lm/t1lmtt.fd
File: t1lmtt.fd 2009/10/30 v1.6 Font defs for Latin Modern
)
Underfull \hbox (badness 10000) in paragraph at lines 301--302
\T1/lmtt/m/n/12 As shown on the scales below, some people in the US tend to ide
ntify
 []


Underfull \hbox (badness 10000) in paragraph at lines 301--302
\T1/lmtt/m/n/12 more with the political left, while others tend to identify mor
e with the
 []


Underfull \hbox (badness 10000) in paragraph at lines 301--302
\T1/lmtt/m/n/12 political right. And of course, some other people have opinions
 somewhere
 []


Underfull \hbox (badness 10000) in paragraph at lines 301--302
\T1/lmtt/m/n/12 in between. Please place yourself on this scale. Then place bot
h of the
 []


Underfull \hbox (badness 10000) in paragraph at lines 301--302
\T1/lmtt/m/n/12 US's two major parties on the same scale. Then, place each of t
he following
 []


Underfull \hbox (badness 10000) in paragraph at lines 301--302

 []


Underfull \hbox (badness 10000) in paragraph at lines 303--304

 []


Underfull \hbox (badness 10000) in paragraph at lines 307--308
\T1/lmtt/m/n/12 As shown on the scales below, some people think that military f
orce should
 []


Underfull \hbox (badness 10000) in paragraph at lines 307--308
\T1/lmtt/m/n/12 be used only as a last resort, while other people think that mi
litary force
 []


Underfull \hbox (badness 10000) in paragraph at lines 307--308
\T1/lmtt/m/n/12 is usually the best way to solve international problems. And of
 course,
 []


Underfull \hbox (badness 10000) in paragraph at lines 307--308
\T1/lmtt/m/n/12 some other people have opinions somewhere in between. Please pl
ace yourself
 []


Underfull \hbox (badness 10000) in paragraph at lines 307--308
\T1/lmtt/m/n/12 on this scale. Then place each of the following national figure
s on the
 []


Underfull \hbox (badness 10000) in paragraph at lines 307--308

 []


Underfull \hbox (badness 10000) in paragraph at lines 309--310
\T1/lmtt/m/n/12 [0 = Military force should be used only as a last resort, 1, 2,
 ..., 99, 100
 []


Underfull \hbox (badness 10000) in paragraph at lines 309--310

 []


Underfull \hbox (badness 10000) in paragraph at lines 313--314
\T1/lmtt/m/n/12 As shown on the scale below, some people think that we should i
ncrease
 []


Underfull \hbox (badness 10000) in paragraph at lines 313--314
\T1/lmtt/m/n/12 tariffs on goods from China to protect American jobs from unfai
r
 []


Underfull \hbox (badness 10000) in paragraph at lines 313--314
\T1/lmtt/m/n/12 competition, others think that this would lead to a trade war t
hat would
 []


Underfull \hbox (badness 10000) in paragraph at lines 313--314
\T1/lmtt/m/n/12 harm the American economy and cost jobs. And of course some peo
ple have
 []


Underfull \hbox (badness 10000) in paragraph at lines 313--314
\T1/lmtt/m/n/12 opinions in between. Please place yourself on this scale. Then 
place each
 []


Underfull \hbox (badness 10000) in paragraph at lines 313--314

 []


Underfull \hbox (badness 10000) in paragraph at lines 315--316
\T1/lmtt/m/n/12 [0 = Increase Tariffs on China, 1, 2, ..., 99, 100 = A Trade Wa
r Would Cost
 []


Underfull \hbox (badness 10000) in paragraph at lines 315--316

 []

[9

]
Underfull \hbox (badness 10000) in paragraph at lines 319--320
\T1/lmtt/m/n/12 As shown on the scales below, some people think that we should 
reduce trade
 []


Underfull \hbox (badness 10000) in paragraph at lines 319--320
\T1/lmtt/m/n/12 with other countries to protect American jobs from foreign comp
etition,
 []


Underfull \hbox (badness 10000) in paragraph at lines 319--320
\T1/lmtt/m/n/12 while others believe that we should increase trade to benefit A
merican
 []


Underfull \hbox (badness 10000) in paragraph at lines 319--320
\T1/lmtt/m/n/12 consumers and create more markets for American goods. And of co
urse others
 []


Underfull \hbox (badness 10000) in paragraph at lines 319--320
\T1/lmtt/m/n/12 have opinions in between. Please place yourself on this scale. 
Then place
 []


Underfull \hbox (badness 10000) in paragraph at lines 319--320

 []


Underfull \hbox (badness 10000) in paragraph at lines 321--322
\T1/lmtt/m/n/12 [0 = Reduce free trade with other countries, 1, 2, ..., 99, 100
 = Increase
 []


Underfull \hbox (badness 10000) in paragraph at lines 321--322

 []


Underfull \hbox (badness 10000) in paragraph at lines 325--326
\T1/lmtt/m/n/12 As shown on the scale below, some people think we should bar Mu
slims from
 []


Underfull \hbox (badness 10000) in paragraph at lines 325--326
\T1/lmtt/m/n/12 entering the US to prevent terrorism, others think it is an ess
ential aspect
 []


Underfull \hbox (badness 10000) in paragraph at lines 325--326
\T1/lmtt/m/n/12 of the United States that we do not discriminate based on relig
ion, and of
 []


Underfull \hbox (badness 10000) in paragraph at lines 325--326
\T1/lmtt/m/n/12 course some people have opinions in between. Please place yours
elf on this
 []


Underfull \hbox (badness 10000) in paragraph at lines 325--326

 []


Underfull \hbox (badness 10000) in paragraph at lines 327--328
\T1/lmtt/m/n/12 [0 = Bar Muslims From Entering the US, 1, 2, ..., 99, 100 = Do 
Not
 []


Underfull \hbox (badness 10000) in paragraph at lines 327--328

 []


Underfull \hbox (badness 10000) in paragraph at lines 331--332
\T1/lmtt/m/n/12 The Affordable Care Act, signed into law by President Obama in 
2010,
 []


Underfull \hbox (badness 10000) in paragraph at lines 331--332
\T1/lmtt/m/n/12 restructured the US health care system. As shown on the scales 
below, some
 []


Underfull \hbox (badness 10000) in paragraph at lines 331--332
\T1/lmtt/m/n/12 people think that the health care law should be repealed entire
ly, while
 []


Underfull \hbox (badness 10000) in paragraph at lines 331--332
\T1/lmtt/m/n/12 others think it should be expanded to cover more people and ser
vices. And
 []


Underfull \hbox (badness 10000) in paragraph at lines 331--332
\T1/lmtt/m/n/12 of course, some other people have opinions somewhere in between
, such as
 []


Underfull \hbox (badness 10000) in paragraph at lines 331--332
\T1/lmtt/m/n/12 simply keeping the law as it is now. Please place yourself on t
his scale.
 []


Underfull \hbox (badness 10000) in paragraph at lines 331--332

 []


Underfull \hbox (badness 10000) in paragraph at lines 333--334
\T1/lmtt/m/n/12 [0 = Completely replease the entire health care law, 1, 2, ...,
 99, 100 =
 []


Underfull \hbox (badness 10000) in paragraph at lines 333--334

 []


Underfull \hbox (badness 10000) in paragraph at lines 337--338
\T1/lmtt/m/n/12 As shown on the scale below, some people think we should repeal
 Obamacare
 []


Underfull \hbox (badness 10000) in paragraph at lines 337--338
\T1/lmtt/m/n/12 and start over to handle health insurance, others think we shou
ld leave
 []


Underfull \hbox (badness 10000) in paragraph at lines 337--338
\T1/lmtt/m/n/12 Obamacare in place, but expand coverage, and of course some peo
ple have
 []


Underfull \hbox (badness 10000) in paragraph at lines 337--338
\T1/lmtt/m/n/12 opinions in between. Please place yourself on this scale. Then 
place each
 []


Underfull \hbox (badness 10000) in paragraph at lines 337--338

 []

[10]
Underfull \hbox (badness 10000) in paragraph at lines 339--340

 []


Underfull \hbox (badness 10000) in paragraph at lines 343--344
\T1/lmtt/m/n/12 As shown on the scale below, some people think we should build 
a wall
 []


Underfull \hbox (badness 10000) in paragraph at lines 343--344
\T1/lmtt/m/n/12 between the United States and Mexico, while others think that t
his would
 []


Underfull \hbox (badness 10000) in paragraph at lines 343--344
\T1/lmtt/m/n/12 be a foolish waste of resources and not address real issues of 
immigration.
 []


Underfull \hbox (badness 10000) in paragraph at lines 343--344
\T1/lmtt/m/n/12 And of course some people have opinions in between. Please plac
e yourself
 []


Underfull \hbox (badness 10000) in paragraph at lines 343--344
\T1/lmtt/m/n/12 on this scale. Then place each of the following national figure
s on the
 []


Underfull \hbox (badness 10000) in paragraph at lines 343--344

 []


Underfull \hbox (badness 10000) in paragraph at lines 345--346
\T1/lmtt/m/n/12 [0 = Build a wall, 1, 2, ..., 99, 100 = Address immigration iss
ues via other
 []


Underfull \hbox (badness 10000) in paragraph at lines 345--346

 []


Underfull \hbox (badness 10000) in paragraph at lines 349--350
\T1/lmtt/m/n/12 As shown on the scales below, some people think that the US sho
uld deport
 []


Underfull \hbox (badness 10000) in paragraph at lines 349--350
\T1/lmtt/m/n/12 all illegal immigrants and others think we should instead provi
de them with
 []


Underfull \hbox (badness 10000) in paragraph at lines 349--350
\T1/lmtt/m/n/12 a path to citizenship. And of course others have opinions in be
tween, such
 []


Underfull \hbox (badness 10000) in paragraph at lines 349--350
\T1/lmtt/m/n/12 as allowing illegal immigrants to obtain guest worker status. P
lease place
 []


Underfull \hbox (badness 10000) in paragraph at lines 349--350
\T1/lmtt/m/n/12 yourself on this scale. Then place each of the following nation
al figures
 []


Underfull \hbox (badness 10000) in paragraph at lines 349--350

 []


Underfull \hbox (badness 10000) in paragraph at lines 351--352
\T1/lmtt/m/n/12 [0 = Deport all illegal immigrants back to their home countries
, 1, 2, ...,
 []


Underfull \hbox (badness 10000) in paragraph at lines 351--352

 []


Underfull \hbox (badness 10000) in paragraph at lines 355--357
\T1/lmtt/m/n/12 Please rank how much you like each of the following candidates 
for
 []


Underfull \hbox (badness 10000) in paragraph at lines 355--357
\T1/lmtt/m/n/12 president. We are not asking you who you will vote for, but whi
ch candidate
 []


Underfull \hbox (badness 10000) in paragraph at lines 355--357
\T1/lmtt/m/n/12 would be your first choice to be president, which would be your
 next
 []


Underfull \hbox (badness 10000) in paragraph at lines 355--357

 []


Underfull \hbox (badness 10000) in paragraph at lines 358--363

 []

[11] [12] [13

] [14

]
<Appendix_files/figure-latex/Figure-B3-1.pdf, id=216, 465.74pt x 357.335pt>
File: Appendix_files/figure-latex/Figure-B3-1.pdf Graphic file (type pdf)
<use Appendix_files/figure-latex/Figure-B3-1.pdf>
Package pdftex.def Info: Appendix_files/figure-latex/Figure-B3-1.pdf  used on i
nput line 397.
(pdftex.def)             Requested size: 465.75307pt x 357.34502pt.
[15] [16 <./Appendix_files/figure-latex/Figure-B3-1.pdf>] [17

] [18

]
<Appendix_files/figure-latex/Figure-C4-1.pdf, id=295, 459.7175pt x 192.72pt>
File: Appendix_files/figure-latex/Figure-C4-1.pdf Graphic file (type pdf)
<use Appendix_files/figure-latex/Figure-C4-1.pdf>
Package pdftex.def Info: Appendix_files/figure-latex/Figure-C4-1.pdf  used on i
nput line 437.
(pdftex.def)             Requested size: 459.71637pt x 192.71951pt.
[19

 <./Appendix_files/figure-latex/Figure-C4-1.pdf>]
Overfull \hbox (12.0pt too wide) in paragraph at lines 443--443
 [] 
 []


Overfull \hbox (12.0pt too wide) in paragraph at lines 445--445
 [] 
 []

[20] [21] [22]
<Appendix_files/figure-latex/Figure-C5-1.pdf, id=341, 461.725pt x 318.18875pt>
File: Appendix_files/figure-latex/Figure-C5-1.pdf Graphic file (type pdf)
<use Appendix_files/figure-latex/Figure-C5-1.pdf>
Package pdftex.def Info: Appendix_files/figure-latex/Figure-C5-1.pdf  used on i
nput line 456.
(pdftex.def)             Requested size: 469.75557pt x 323.72284pt.
[23

 <./Appendix_files/figure-latex/Figure-C5-1.pdf>]
<Appendix_files/figure-latex/Figure-D6-1.pdf, id=374, 463.7325pt x 352.31625pt>

File: Appendix_files/figure-latex/Figure-D6-1.pdf Graphic file (type pdf)
<use Appendix_files/figure-latex/Figure-D6-1.pdf>
Package pdftex.def Info: Appendix_files/figure-latex/Figure-D6-1.pdf  used on i
nput line 472.
(pdftex.def)             Requested size: 463.73135pt x 352.31538pt.
[24

 <./Appendix_files/figure-latex/Figure-D6-1.pdf>] [25

] [26

] [27] [28] [29

] [30] [31]
<Appendix_files/figure-latex/Figure-E7-1.pdf, id=455, 462.72874pt x 208.78pt>
File: Appendix_files/figure-latex/Figure-E7-1.pdf Graphic file (type pdf)
<use Appendix_files/figure-latex/Figure-E7-1.pdf>
Package pdftex.def Info: Appendix_files/figure-latex/Figure-E7-1.pdf  used on i
nput line 544.
(pdftex.def)             Requested size: 462.73466pt x 208.78264pt.
[32

 <./Appendix_files/figure-latex/Figure-E7-1.pdf>] [33] [34] [35]
<Appendix_files/figure-latex/Figure-E8-1.pdf, id=504, 462.72874pt x 208.78pt>
File: Appendix_files/figure-latex/Figure-E8-1.pdf Graphic file (type pdf)
<use Appendix_files/figure-latex/Figure-E8-1.pdf>
Package pdftex.def Info: Appendix_files/figure-latex/Figure-E8-1.pdf  used on i
nput line 563.
(pdftex.def)             Requested size: 462.73466pt x 208.78264pt.
[36

 <./Appendix_files/figure-latex/Figure-E8-1.pdf>]
<Appendix_files/figure-latex/Figure-E9-1.pdf, id=538, 462.72874pt x 208.78pt>
File: Appendix_files/figure-latex/Figure-E9-1.pdf Graphic file (type pdf)
<use Appendix_files/figure-latex/Figure-E9-1.pdf>
Package pdftex.def Info: Appendix_files/figure-latex/Figure-E9-1.pdf  used on i
nput line 576.
(pdftex.def)             Requested size: 462.73466pt x 208.78264pt.
[37

 <./Appendix_files/figure-latex/Figure-E9-1.pdf>] [38

] [39]
Overfull \hbox (4.42975pt too wide) detected at line 607
\OML/lmm/m/it/12 RelativePosition[] \OT1/lmr/m/n/12 = \OMS/lmsy/m/n/12 j\OML/lm
m/m/it/12 Position[] \OMS/lmsy/m/n/12 ^^@ \OML/lmm/m/it/12 ClintonPosition[]\OM
S/lmsy/m/n/12 j ^^@ j\OML/lmm/m/it/12 Position[] \OMS/lmsy/m/n/12 ^^@ \OML/lmm/
m/it/12 TrumpPosition[]\OMS/lmsy/m/n/12 j
 []


Overfull \hbox (4.42975pt too wide) detected at line 609
\OML/lmm/m/it/12 RelativePosition[] \OT1/lmr/m/n/12 = \OMS/lmsy/m/n/12 j\OML/lm
m/m/it/12 Position[] \OMS/lmsy/m/n/12 ^^@ \OML/lmm/m/it/12 ClintonPosition[]\OM
S/lmsy/m/n/12 j ^^@ j\OML/lmm/m/it/12 Position[] \OMS/lmsy/m/n/12 ^^@ \OML/lmm/
m/it/12 TrumpPosition[]\OMS/lmsy/m/n/12 j
 []

[40



] [41] [42

]

LaTeX Warning: Float too large for page by 37.77892pt on input line 633.


LaTeX Warning: Float too large for page by 37.77892pt on input line 635.


LaTeX Warning: Float too large for page by 37.77892pt on input line 637.


LaTeX Warning: Float too large for page by 37.77892pt on input line 639.


LaTeX Warning: Float too large for page by 37.77892pt on input line 641.


LaTeX Warning: Float too large for page by 37.77892pt on input line 643.


LaTeX Warning: Float too large for page by 37.77892pt on input line 645.


LaTeX Warning: Float too large for page by 37.77892pt on input line 647.


LaTeX Warning: Float too large for page by 37.77892pt on input line 649.

[43] [44] [45] [46] [47] [48] [49] [50] [51] [52



]

LaTeX Warning: Float too large for page by 37.77892pt on input line 660.


LaTeX Warning: Float too large for page by 37.77892pt on input line 662.


LaTeX Warning: Float too large for page by 37.77892pt on input line 664.


LaTeX Warning: Float too large for page by 37.77892pt on input line 666.


LaTeX Warning: Float too large for page by 37.77892pt on input line 668.


LaTeX Warning: Float too large for page by 37.77892pt on input line 670.


LaTeX Warning: Float too large for page by 37.77892pt on input line 672.


LaTeX Warning: Float too large for page by 37.77892pt on input line 674.


LaTeX Warning: Float too large for page by 37.77892pt on input line 676.

[53] [54] [55] [56] [57] [58] [59] [60] [61]
<Appendix_files/figure-latex/Figure-F10-1.pdf, id=710, 467.7475pt x 357.335pt>
File: Appendix_files/figure-latex/Figure-F10-1.pdf Graphic file (type pdf)
<use Appendix_files/figure-latex/Figure-F10-1.pdf>
Package pdftex.def Info: Appendix_files/figure-latex/Figure-F10-1.pdf  used on 
input line 688.
(pdftex.def)             Requested size: 467.76775pt x 357.35048pt.
[62



 <./Appendix_files/figure-latex/Figure-F10-1.pdf>]
<Appendix_files/figure-latex/Figure-F11-1.pdf, id=746, 467.7475pt x 357.335pt>
File: Appendix_files/figure-latex/Figure-F11-1.pdf Graphic file (type pdf)
<use Appendix_files/figure-latex/Figure-F11-1.pdf>
Package pdftex.def Info: Appendix_files/figure-latex/Figure-F11-1.pdf  used on 
input line 701.
(pdftex.def)             Requested size: 467.76775pt x 357.35048pt.
[63

 <./Appendix_files/figure-latex/Figure-F11-1.pdf>]
<Appendix_files/figure-latex/Figure-G12-1.pdf, id=779, 465.74pt x 357.335pt>
File: Appendix_files/figure-latex/Figure-G12-1.pdf Graphic file (type pdf)
<use Appendix_files/figure-latex/Figure-G12-1.pdf>
Package pdftex.def Info: Appendix_files/figure-latex/Figure-G12-1.pdf  used on 
input line 714.
(pdftex.def)             Requested size: 465.75307pt x 357.34502pt.
<Appendix_files/figure-latex/Figure-G13-1.pdf, id=780, 462.72874pt x 208.78pt>
File: Appendix_files/figure-latex/Figure-G13-1.pdf Graphic file (type pdf)
<use Appendix_files/figure-latex/Figure-G13-1.pdf>
Package pdftex.def Info: Appendix_files/figure-latex/Figure-G13-1.pdf  used on 
input line 720.
(pdftex.def)             Requested size: 462.73466pt x 208.78264pt.
[64

 <./Appendix_files/figure-latex/Figure-G12-1.pdf>] [65 <./Appendix_files/figure
-latex/Figure-G13-1.pdf>] [66

] (./Appendix.bbl [67

] [68]) [69] (./Appendix.aux)

LaTeX Warning: There were multiply-defined labels.

 ) 
Here is how much of TeX's memory you used:
 17258 strings out of 478287
 276446 string characters out of 5849289
 885713 words of memory out of 5000000
 34664 multiletter control sequences out of 15000+600000
 571854 words of font info for 216 fonts, out of 8000000 for 9000
 1141 hyphenation exceptions out of 8191
 74i,11n,77p,3951b,511s stack positions out of 5000i,500n,10000p,200000b,80000s
{/usr/share/texmf/fonts/enc/dvips/lm/lm-ec.enc}{/usr/share/texmf/fonts/enc/dv
ips/lm/lm-rm.enc}{/usr/share/texmf/fonts/enc/dvips/lm/lm-mathsy.enc}{/usr/share
/texmf/fonts/enc/dvips/lm/lm-mathit.enc}{/usr/share/texmf/fonts/enc/dvips/lm/lm
-ts1.enc}</usr/share/texmf/fonts/type1/public/lm/lmbx10.pfb></usr/share/texmf/f
onts/type1/public/lm/lmbx12.pfb></usr/share/texmf/fonts/type1/public/lm/lmmi10.
pfb></usr/share/texmf/fonts/type1/public/lm/lmmi12.pfb></usr/share/texmf/fonts/
type1/public/lm/lmmi6.pfb></usr/share/texmf/fonts/type1/public/lm/lmmi7.pfb></u
sr/share/texmf/fonts/type1/public/lm/lmmi8.pfb></usr/share/texmf/fonts/type1/pu
blic/lm/lmr10.pfb></usr/share/texmf/fonts/type1/public/lm/lmr12.pfb></usr/share
/texmf/fonts/type1/public/lm/lmr17.pfb></usr/share/texmf/fonts/type1/public/lm/
lmr6.pfb></usr/share/texmf/fonts/type1/public/lm/lmr7.pfb></usr/share/texmf/fon
ts/type1/public/lm/lmr8.pfb></usr/share/texmf/fonts/type1/public/lm/lmri12.pfb>
</usr/share/texmf/fonts/type1/public/lm/lmsy10.pfb></usr/share/texmf/fonts/type
1/public/lm/lmsy7.pfb></usr/share/texmf/fonts/type1/public/lm/lmsy8.pfb></usr/s
hare/texmf/fonts/type1/public/lm/lmtt12.pfb>
Output written on Appendix.pdf (69 pages, 762825 bytes).
PDF statistics:
 1150 PDF objects out of 1200 (max. 8388607)
 929 compressed objects within 10 object streams
 217 named destinations out of 1000 (max. 500000)
 55594 words of extra memory for PDF output out of 61914 (max. 10000000)

